[ 2018-03-04T17:52:21+08:00 ] 127.0.0.1 /index.php?s=/Admin/Public/login.html
INFO: [ view_parse ] --START--
INFO: [ template_filter ] --START--
INFO: Run Behavior\ContentReplace [ RunTime:0.001453s ]
INFO: [ template_filter ] --END-- [ RunTime:0.004820s ]
INFO: Run Behavior\ParseTemplate [ RunTime:0.054889s ]
INFO: [ view_parse ] --END-- [ RunTime:0.059010s ]
INFO: [ view_filter ] --START--
INFO: Run Behavior\WriteHtmlCache [ RunTime:0.002781s ]
INFO: [ view_filter ] --END-- [ RunTime:0.006230s ]
INFO: [ app_end ] --START--
INFO: Run Behavior\ShowPageTrace [ RunTime:0.002646s ]
INFO: [ app_end ] --END-- [ RunTime:0.006056s ]

[ 2018-03-04T17:52:24+08:00 ] 127.0.0.1 /index.php?s=/Admin/Public/login.html
INFO: [ app_begin ] --START--
INFO: Run Behavior\ReadHtmlCache [ RunTime:0.001796s ]
INFO: [ app_begin ] --END-- [ RunTime:0.005540s ]
SQL: SHOW COLUMNS FROM `onethink_ucenter_member` [ RunTime:0.026091s ]
ERR: 1146:Table 'jjw.onethink_ucenter_member' doesn't exist
 [ SQL语句 ] : SHOW COLUMNS FROM `onethink_ucenter_member`
SQL: SELECT * FROM `onethink_ucenter_member` WHERE ( `username` = 'admin' ) LIMIT 1   [ RunTime:0.025899s ]
ERR: 1146:Table 'jjw.onethink_ucenter_member' doesn't exist
 [ SQL语句 ] : SELECT * FROM `onethink_ucenter_member` WHERE ( `username` = 'admin' ) LIMIT 1  

[ 2018-03-04T17:52:27+08:00 ] 127.0.0.1 /index.php?s=/Admin/Public/login.html
INFO: [ app_begin ] --START--
INFO: Run Behavior\ReadHtmlCache [ RunTime:0.001668s ]
INFO: [ app_begin ] --END-- [ RunTime:0.005194s ]
SQL: SHOW COLUMNS FROM `onethink_ucenter_member` [ RunTime:0.029806s ]
ERR: 1146:Table 'jjw.onethink_ucenter_member' doesn't exist
 [ SQL语句 ] : SHOW COLUMNS FROM `onethink_ucenter_member`
SQL: SELECT * FROM `onethink_ucenter_member` WHERE ( `username` = 'admin' ) LIMIT 1   [ RunTime:0.029102s ]
ERR: 1146:Table 'jjw.onethink_ucenter_member' doesn't exist
 [ SQL语句 ] : SELECT * FROM `onethink_ucenter_member` WHERE ( `username` = 'admin' ) LIMIT 1  

